<?xml version="1.0" encoding="UTF-8"?>
<!-- Generated by org.testng.reporters.JUnitReportReporter -->
<testsuite hostname="DESKTOP-ITILOB1" failures="0" tests="1" name="tests.LoginTest" time="16.857" errors="0" timestamp="2025-08-11T14:33:55 IST" skipped="0">
  <testcase classname="tests.LoginTest" name="MyFirstTestCase" time="16.857"/>
</testsuite> <!-- tests.LoginTest -->
