<?xml version="1.0" encoding="UTF-8"?>
<!-- Generated by org.testng.reporters.JUnitReportReporter -->
<testsuite hostname="DESKTOP-ITILOB1" failures="0" tests="1" name="tests.LoginTest" time="13.784" errors="0" timestamp="2025-08-07T00:10:38 IST" skipped="0">
  <testcase classname="tests.LoginTest" name="MyFirstTestCase" time="13.784"/>
</testsuite> <!-- tests.LoginTest -->
